Using pre-set license
Built from '2020.3/staging' branch; Version is '2020.3.33f1 (915a7af8b0d5) revision 9525882'; Using compiler version '192528614'; Build Type 'Release'
OS: 'Windows 10  (10.0.19044) 64bit Core' Language: 'en' Physical Memory: 32678 MB
BatchMode: 1, IsHumanControllingUs: 0, StartBugReporterOnCrash: 0, Is64bit: 1, IsPro: 0

COMMAND LINE ARGUMENTS:
C:\Program Files\Unity\Hub\Editor\2020.3.33f1\Editor\Unity.exe
-adb2
-batchMode
-noUpm
-name
AssetImportWorker0
-projectPath
D:/Donut-Burnout/Donut-Burnout/Donut Burnout
-logFile
Logs/AssetImportWorker0.log
-srvPort
57541
Successfully changed project path to: D:/Donut-Burnout/Donut-Burnout/Donut Burnout
D:/Donut-Burnout/Donut-Burnout/Donut Burnout
Using Asset Import Pipeline V2.
Refreshing native plugins compatible for Editor in 23.59 ms, found 2 plugins.
Preloading 0 native plugins for Editor in 0.00 ms.
Initialize engine version: 2020.3.33f1 (915a7af8b0d5)
[Subsystems] Discovering subsystems at path C:/Program Files/Unity/Hub/Editor/2020.3.33f1/Editor/Data/Resources/UnitySubsystems
[Subsystems] Discovering subsystems at path D:/Donut-Burnout/Donut-Burnout/Donut Burnout/Assets
GfxDevice: creating device client; threaded=0
Direct3D:
    Version:  Direct3D 11.0 [level 11.1]
    Renderer: NVIDIA GeForce RTX 2080 SUPER (ID=0x1e81)
    Vendor:   
    VRAM:     8010 MB
    Driver:   30.0.14.7111
Initialize mono
Mono path[0] = 'C:/Program Files/Unity/Hub/Editor/2020.3.33f1/Editor/Data/Managed'
Mono path[1] = 'C:/Program Files/Unity/Hub/Editor/2020.3.33f1/Editor/Data/MonoBleedingEdge/lib/mono/unityjit'
Mono config path = 'C:/Program Files/Unity/Hub/Editor/2020.3.33f1/Editor/Data/MonoBleedingEdge/etc'
Using monoOptions --debugger-agent=transport=dt_socket,embedding=1,server=y,suspend=n,address=127.0.0.1:56352
Begin MonoManager ReloadAssembly
Registering precompiled unity dll's ...
Register platform support module: C:/Program Files/Unity/Hub/Editor/2020.3.33f1/Editor/Data/PlaybackEngines/WindowsStandaloneSupport/UnityEditor.WindowsStandalone.Extensions.dll
Registered in 0.002814 seconds.
Native extension for WindowsStandalone target not found
Refreshing native plugins compatible for Editor in 23.11 ms, found 2 plugins.
Preloading 0 native plugins for Editor in 0.00 ms.
Mono: successfully reloaded assembly
- Completed reload, in  0.449 seconds
Domain Reload Profiling:
	ReloadAssembly (449ms)
		BeginReloadAssembly (60ms)
			ExecutionOrderSort (0ms)
			DisableScriptedObjects (0ms)
			BackupInstance (0ms)
			ReleaseScriptingObjects (0ms)
			CreateAndSetChildDomain (1ms)
		EndReloadAssembly (332ms)
			LoadAssemblies (58ms)
			RebuildTransferFunctionScriptingTraits (0ms)
			SetupTypeCache (110ms)
			ReleaseScriptCaches (0ms)
			RebuildScriptCaches (22ms)
			SetupLoadedEditorAssemblies (121ms)
				LogAssemblyErrors (0ms)
				InitializePlatformSupportModulesInManaged (3ms)
				SetLoadedEditorAssemblies (0ms)
				RefreshPlugins (23ms)
				BeforeProcessingInitializeOnLoad (12ms)
				ProcessInitializeOnLoadAttributes (61ms)
				ProcessInitializeOnLoadMethodAttributes (21ms)
				AfterProcessingInitializeOnLoad (0ms)
				EditorAssembliesLoaded (0ms)
			ExecutionOrderSort2 (0ms)
			AwakeInstancesAfterBackupRestoration (0ms)
Platform modules already initialized, skipping
Registering precompiled user dll's ...
Registered in 0.002067 seconds.
Begin MonoManager ReloadAssembly
Symbol file data-000002D40DFC7470 doesn't match image D:\Donut-Burnout\Donut-Burnout\Donut Burnout\Library\ScriptAssemblies\Assembly-CSharp.dll
Symbol file LoadedFromMemory is not a mono symbol file
Symbol file data-000002D40CB8C9C0 doesn't match image D:\Donut-Burnout\Donut-Burnout\Donut Burnout\Library\ScriptAssemblies\Unity.Services.Core.Editor.dll
Symbol file LoadedFromMemory is not a mono symbol file
Symbol file data-000002D40C747A70 doesn't match image D:\Donut-Burnout\Donut-Burnout\Donut Burnout\Library\ScriptAssemblies\Unity.VSCode.Editor.dll
Symbol file LoadedFromMemory is not a mono symbol file
Symbol file data-000002D40C8C3010 doesn't match image D:\Donut-Burnout\Donut-Burnout\Donut Burnout\Library\ScriptAssemblies\Unity.TextMeshPro.Editor.dll
Symbol file LoadedFromMemory is not a mono symbol file
Symbol file data-000002D40CB8C9C0 doesn't match image D:\Donut-Burnout\Donut-Burnout\Donut Burnout\Library\ScriptAssemblies\Unity.VisualStudio.Editor.dll
Symbol file LoadedFromMemory is not a mono symbol file
Symbol file data-000002D40C8FA2C0 doesn't match image D:\Donut-Burnout\Donut-Burnout\Donut Burnout\Library\ScriptAssemblies\UnityEngine.TestRunner.dll
Symbol file LoadedFromMemory is not a mono symbol file
Symbol file data-000002D40CD20010 doesn't match image D:\Donut-Burnout\Donut-Burnout\Donut Burnout\Library\ScriptAssemblies\Unity.Timeline.Editor.dll
Symbol file LoadedFromMemory is not a mono symbol file
Symbol file data-000002D40C8D8220 doesn't match image D:\Donut-Burnout\Donut-Burnout\Donut Burnout\Library\ScriptAssemblies\Unity.Timeline.dll
Symbol file LoadedFromMemory is not a mono symbol file
Symbol file data-000002D40CCCC010 doesn't match image D:\Donut-Burnout\Donut-Burnout\Donut Burnout\Library\ScriptAssemblies\Unity.TextMeshPro.dll
Symbol file LoadedFromMemory is not a mono symbol file
Symbol file data-000002D40C8D8220 doesn't match image D:\Donut-Burnout\Donut-Burnout\Donut Burnout\Library\ScriptAssemblies\Unity.CollabProxy.Editor.dll
Symbol file LoadedFromMemory is not a mono symbol file
Symbol file data-000002D4089A9680 doesn't match image D:\Donut-Burnout\Donut-Burnout\Donut Burnout\Library\ScriptAssemblies\UnityEditor.TestRunner.dll
Symbol file LoadedFromMemory is not a mono symbol file
Symbol file data-000002D40CB8C9C0 doesn't match image D:\Donut-Burnout\Donut-Burnout\Donut Burnout\Library\ScriptAssemblies\UnityEditor.UI.dll
Symbol file LoadedFromMemory is not a mono symbol file
Symbol file data-000002D40C662020 doesn't match image D:\Donut-Burnout\Donut-Burnout\Donut Burnout\Library\ScriptAssemblies\Unity.PlasticSCM.Editor.dll
Symbol file LoadedFromMemory is not a mono symbol file
Symbol file data-000002D40CB8C9C0 doesn't match image D:\Donut-Burnout\Donut-Burnout\Donut Burnout\Library\ScriptAssemblies\Unity.Rider.Editor.dll
Symbol file LoadedFromMemory is not a mono symbol file
Symbol file data-000002D40CCF4620 doesn't match image D:\Donut-Burnout\Donut-Burnout\Donut Burnout\Library\ScriptAssemblies\UnityEngine.UI.dll
Symbol file LoadedFromMemory is not a mono symbol file
Symbol file LoadedFromMemory doesn't match image D:\Donut-Burnout\Donut-Burnout\Donut Burnout\Library\PackageCache\com.unity.collab-proxy@1.15.15\Lib\Editor\PlasticSCM\unityplastic.dll
Native extension for WindowsStandalone target not found
Refreshing native plugins compatible for Editor in 0.29 ms, found 2 plugins.
Preloading 0 native plugins for Editor in 0.00 ms.
Mono: successfully reloaded assembly
- Completed reload, in  0.773 seconds
Domain Reload Profiling:
	ReloadAssembly (774ms)
		BeginReloadAssembly (127ms)
			ExecutionOrderSort (0ms)
			DisableScriptedObjects (4ms)
			BackupInstance (0ms)
			ReleaseScriptingObjects (0ms)
			CreateAndSetChildDomain (15ms)
		EndReloadAssembly (600ms)
			LoadAssemblies (83ms)
			RebuildTransferFunctionScriptingTraits (0ms)
			SetupTypeCache (206ms)
			ReleaseScriptCaches (0ms)
			RebuildScriptCaches (31ms)
			SetupLoadedEditorAssemblies (229ms)
				LogAssemblyErrors (0ms)
				InitializePlatformSupportModulesInManaged (3ms)
				SetLoadedEditorAssemblies (0ms)
				RefreshPlugins (0ms)
				BeforeProcessingInitializeOnLoad (60ms)
				ProcessInitializeOnLoadAttributes (150ms)
				ProcessInitializeOnLoadMethodAttributes (8ms)
				AfterProcessingInitializeOnLoad (7ms)
				EditorAssembliesLoaded (0ms)
			ExecutionOrderSort2 (0ms)
			AwakeInstancesAfterBackupRestoration (5ms)
Platform modules already initialized, skipping
========================================================================
Worker process is ready to serve import requests
Launched and connected shader compiler UnityShaderCompiler.exe after 0.06 seconds
Refreshing native plugins compatible for Editor in 0.27 ms, found 2 plugins.
Preloading 0 native plugins for Editor in 0.00 ms.
Unloading 1515 Unused Serialized files (Serialized files now loaded: 0)
System memory in use before: 70.1 MB.
System memory in use after: 70.2 MB.

Unloading 16 unused Assets to reduce memory usage. Loaded Objects now: 1952.
Total: 1.966600 ms (FindLiveObjects: 0.097600 ms CreateObjectMapping: 0.038900 ms MarkObjects: 1.684200 ms  DeleteObjects: 0.145300 ms)

AssetImportParameters requested are different than current active one (requested -> active):
  custom:framework-win-MediaFoundation: 216162199b28c13a410421893ffa2e32 -> 
  custom:video-decoder-ogg-theora: a1e56fd34408186e4bbccfd4996cb3dc -> 
  custom:container-muxer-webm: aa71ff27fc2769a1b78a27578f13a17b -> 
  custom:container-demuxer-webm: 4f35f7cbe854078d1ac9338744f61a02 -> 
  custom:container-demuxer-ogg: 62fdf1f143b41e24485cea50d1cbac27 -> 
  custom:video-encoder-webm-vp8: eb34c28f22e8b96e1ab97ce403110664 -> 
  custom:video-decoder-webm-vp8: 9c59270c3fd7afecdb556c50c9e8de78 -> 
  custom:audio-decoder-ogg-vorbis: bf7c407c2cedff20999df2af8eb42d56 -> 
  custom:audio-encoder-webm-vorbis: bf7c407c2cedff20999df2af8eb42d56 -> 
========================================================================
Received Import Request.
  path: Assets/SkySeries Freebie/HighFantasy.mat
  artifactKey: Guid(e2341a9d03e86ec4290c72b1e22bbc7c) Importer(815301076,1909f56bfc062723c751e8b465ee728b)
Start importing Assets/SkySeries Freebie/HighFantasy.mat using Guid(e2341a9d03e86ec4290c72b1e22bbc7c) Importer(815301076,1909f56bfc062723c751e8b465ee728b)  -> (artifact id: '82bee763adfed6c82d89f96ef9910a52') in 0.159172 seconds 
========================================================================
Received Import Request.
  Time since last request: 0.000240 seconds.
  path: Assets/SkySeries Freebie/UnderTheSea4k.mat
  artifactKey: Guid(119ec07f1c7ed204db46bd8465fd5a50) Importer(815301076,1909f56bfc062723c751e8b465ee728b)
Start importing Assets/SkySeries Freebie/UnderTheSea4k.mat using Guid(119ec07f1c7ed204db46bd8465fd5a50) Importer(815301076,1909f56bfc062723c751e8b465ee728b)  -> (artifact id: 'b606b76721732f50d3417e69106a8d47') in 0.027504 seconds 
========================================================================
Received Import Request.
  Time since last request: 0.000144 seconds.
  path: Assets/SkySeries Freebie/UnearthlyRed.mat
  artifactKey: Guid(5d133deeaa66ed445853e946ff25e073) Importer(815301076,1909f56bfc062723c751e8b465ee728b)
Start importing Assets/SkySeries Freebie/UnearthlyRed.mat using Guid(5d133deeaa66ed445853e946ff25e073) Importer(815301076,1909f56bfc062723c751e8b465ee728b)  -> (artifact id: '5ea4f455728f14d9d02bbc292f4cc81d') in 0.024230 seconds 
========================================================================
Received Import Request.
  Time since last request: 0.000331 seconds.
  path: Assets/SkySeries Freebie/6sidedCosmicCoolCloud.mat
  artifactKey: Guid(f531e09e2ad2fb440b4eed7605863143) Importer(815301076,1909f56bfc062723c751e8b465ee728b)
Start importing Assets/SkySeries Freebie/6sidedCosmicCoolCloud.mat using Guid(f531e09e2ad2fb440b4eed7605863143) Importer(815301076,1909f56bfc062723c751e8b465ee728b)  -> (artifact id: 'b1b046ddc0e4077874edbb005c19bf87') in 0.135221 seconds 
========================================================================
Received Import Request.
  Time since last request: 0.000163 seconds.
  path: Assets/SkySeries Freebie/SunlessCirruscover.mat
  artifactKey: Guid(4e154bf235e41704bbd6bbc6fd6c63f6) Importer(815301076,1909f56bfc062723c751e8b465ee728b)
Start importing Assets/SkySeries Freebie/SunlessCirruscover.mat using Guid(4e154bf235e41704bbd6bbc6fd6c63f6) Importer(815301076,1909f56bfc062723c751e8b465ee728b)  -> (artifact id: '18034c97316bac683443f8e940296eea') in 0.023578 seconds 
========================================================================
Received Import Request.
  Time since last request: 0.000138 seconds.
  path: Assets/SkySeries Freebie/6SidedMegaSun.mat
  artifactKey: Guid(c52c5d7968fa6c9499b0b5752f899bfb) Importer(815301076,1909f56bfc062723c751e8b465ee728b)
Start importing Assets/SkySeries Freebie/6SidedMegaSun.mat using Guid(c52c5d7968fa6c9499b0b5752f899bfb) Importer(815301076,1909f56bfc062723c751e8b465ee728b)  -> (artifact id: '3dbf19f24242be81e2234e741647b362') in 0.013539 seconds 
========================================================================
Received Import Request.
  Time since last request: 0.000126 seconds.
  path: Assets/SkySeries Freebie/DayInTheClouds.mat
  artifactKey: Guid(3e5399bd195de7649b874f58c1b9f8a3) Importer(815301076,1909f56bfc062723c751e8b465ee728b)
Start importing Assets/SkySeries Freebie/DayInTheClouds.mat using Guid(3e5399bd195de7649b874f58c1b9f8a3) Importer(815301076,1909f56bfc062723c751e8b465ee728b)  -> (artifact id: 'd1cc8f7842a1b47bca1d8d8c8c510f51') in 0.023946 seconds 
========================================================================
Received Import Request.
  Time since last request: 0.000150 seconds.
  path: Assets/SkySeries Freebie/6SidedFluffball.mat
  artifactKey: Guid(efd1c33efd2d58340b88804268e6833f) Importer(815301076,1909f56bfc062723c751e8b465ee728b)
Start importing Assets/SkySeries Freebie/6SidedFluffball.mat using Guid(efd1c33efd2d58340b88804268e6833f) Importer(815301076,1909f56bfc062723c751e8b465ee728b)  -> (artifact id: '8f42972053c7a1bceb9366cd91aa2306') in 0.013440 seconds 
========================================================================
Received Import Request.
  Time since last request: 0.000142 seconds.
  path: Assets/SkySeries Freebie
  artifactKey: Guid(92411c78d52b2bc46b6a8cb6525331b6) Importer(815301076,1909f56bfc062723c751e8b465ee728b)
Start importing Assets/SkySeries Freebie using Guid(92411c78d52b2bc46b6a8cb6525331b6) Importer(815301076,1909f56bfc062723c751e8b465ee728b)  -> (artifact id: '2d33dec2c3315ce1bc263143fb01d014') in 0.003841 seconds 
========================================================================
Received Import Request.
  Time since last request: 0.000176 seconds.
  path: Assets/SkySeries Freebie/CoriolisNight4k.mat
  artifactKey: Guid(d4454f71d85928744be7771e2143dab7) Importer(815301076,1909f56bfc062723c751e8b465ee728b)
Start importing Assets/SkySeries Freebie/CoriolisNight4k.mat using Guid(d4454f71d85928744be7771e2143dab7) Importer(815301076,1909f56bfc062723c751e8b465ee728b)  -> (artifact id: '23435ef45c6cbd62c6aa6f18353635af') in 0.024100 seconds 
========================================================================
Received Import Request.
  Time since last request: 0.000160 seconds.
  path: Assets/SkySeries Freebie/Cloudymorning.mat
  artifactKey: Guid(d9dca9ae1786c394f9e79c637aa9a7bf) Importer(815301076,1909f56bfc062723c751e8b465ee728b)
Start importing Assets/SkySeries Freebie/Cloudymorning.mat using Guid(d9dca9ae1786c394f9e79c637aa9a7bf) Importer(815301076,1909f56bfc062723c751e8b465ee728b)  -> (artifact id: '0627da734d0513522b4376b16f295739') in 0.025540 seconds 
========================================================================
Received Import Request.
  Time since last request: 0.000151 seconds.
  path: Assets/SkySeries Freebie/SkyhighFluffycloudField.mat
  artifactKey: Guid(f15c336556dd74f40aaca655f7767970) Importer(815301076,1909f56bfc062723c751e8b465ee728b)
Start importing Assets/SkySeries Freebie/SkyhighFluffycloudField.mat using Guid(f15c336556dd74f40aaca655f7767970) Importer(815301076,1909f56bfc062723c751e8b465ee728b)  -> (artifact id: '3ed7526563c3df9823d4f41d14673672') in 0.023269 seconds 
========================================================================
Received Import Request.
  Time since last request: 0.000138 seconds.
  path: Assets/SkySeries Freebie/PlanetaryEarth.mat
  artifactKey: Guid(16bc8a9d5451ca44d8f70575adbece3a) Importer(815301076,1909f56bfc062723c751e8b465ee728b)
Start importing Assets/SkySeries Freebie/PlanetaryEarth.mat using Guid(16bc8a9d5451ca44d8f70575adbece3a) Importer(815301076,1909f56bfc062723c751e8b465ee728b)  -> (artifact id: 'c5abe11271b54330eaf8687e87a2e6a2') in 0.024981 seconds 
========================================================================
Received Import Request.
  Time since last request: 0.000195 seconds.
  path: Assets/SkySeries Freebie/DarkStorm.mat
  artifactKey: Guid(2039a0ad0a9d05549928b70362f54902) Importer(815301076,1909f56bfc062723c751e8b465ee728b)
Start importing Assets/SkySeries Freebie/DarkStorm.mat using Guid(2039a0ad0a9d05549928b70362f54902) Importer(815301076,1909f56bfc062723c751e8b465ee728b)  -> (artifact id: '1da137d6021bc6c1daeccc14594cd289') in 0.023429 seconds 
========================================================================
Received Import Request.
  Time since last request: 0.000153 seconds.
  path: Assets/SkySeries Freebie/CosmicCoolCloud_Eq.mat
  artifactKey: Guid(369b9ebe3a62b904dbc19bd332b44086) Importer(815301076,1909f56bfc062723c751e8b465ee728b)
Start importing Assets/SkySeries Freebie/CosmicCoolCloud_Eq.mat using Guid(369b9ebe3a62b904dbc19bd332b44086) Importer(815301076,1909f56bfc062723c751e8b465ee728b)  -> (artifact id: 'd67b4dc1fe69154254a1440c4b4db4fe') in 0.021854 seconds 
========================================================================
Received Import Request.
  Time since last request: 0.000126 seconds.
  path: Assets/SkySeries Freebie/AmbienceExposure.mat
  artifactKey: Guid(72deae4d18418f94688abef8e8483df0) Importer(815301076,1909f56bfc062723c751e8b465ee728b)
Start importing Assets/SkySeries Freebie/AmbienceExposure.mat using Guid(72deae4d18418f94688abef8e8483df0) Importer(815301076,1909f56bfc062723c751e8b465ee728b)  -> (artifact id: '2e983f5e0c8f29c97609cde8c9dd75f8') in 0.023302 seconds 
========================================================================
Received Import Request.
  Time since last request: 0.000125 seconds.
  path: Assets/SkySeries Freebie/CloudedSunGlow.mat
  artifactKey: Guid(e391f00234292cc4f935308c11cf0e54) Importer(815301076,1909f56bfc062723c751e8b465ee728b)
Start importing Assets/SkySeries Freebie/CloudedSunGlow.mat using Guid(e391f00234292cc4f935308c11cf0e54) Importer(815301076,1909f56bfc062723c751e8b465ee728b)  -> (artifact id: 'f2e719551e499d1d735167dad7624401') in 0.023148 seconds 
========================================================================
Received Import Request.
  Time since last request: 0.000149 seconds.
  path: Assets/SkySeries Freebie/FluffballDay.mat
  artifactKey: Guid(20d4f77b9022eab48b4d94599ed4bf82) Importer(815301076,1909f56bfc062723c751e8b465ee728b)
Start importing Assets/SkySeries Freebie/FluffballDay.mat using Guid(20d4f77b9022eab48b4d94599ed4bf82) Importer(815301076,1909f56bfc062723c751e8b465ee728b)  -> (artifact id: 'b06b6139fe3b2daa00ce55352cda93b0') in 0.027343 seconds 
========================================================================
Received Import Request.
  Time since last request: 0.000164 seconds.
  path: Assets/SkySeries Freebie/CasualDay.mat
  artifactKey: Guid(85cf0b004bc4a654b9e501efcce47902) Importer(815301076,1909f56bfc062723c751e8b465ee728b)
Start importing Assets/SkySeries Freebie/CasualDay.mat using Guid(85cf0b004bc4a654b9e501efcce47902) Importer(815301076,1909f56bfc062723c751e8b465ee728b)  -> (artifact id: '1f9b43e7effc0f135c3b7cf6552efdfc') in 0.027935 seconds 
========================================================================
Received Import Request.
  Time since last request: 0.000162 seconds.
  path: Assets/SkySeries Freebie/MegaSun.mat
  artifactKey: Guid(cede08c9fc471e64884909cd4bbeaf59) Importer(815301076,1909f56bfc062723c751e8b465ee728b)
Start importing Assets/SkySeries Freebie/MegaSun.mat using Guid(cede08c9fc471e64884909cd4bbeaf59) Importer(815301076,1909f56bfc062723c751e8b465ee728b)  -> (artifact id: '35c4ccddb3249b5802c63fc5ada5e51a') in 0.023193 seconds 
========================================================================
Received Import Request.
  Time since last request: 64.526037 seconds.
  path: Assets/SkySeries Freebie/FreebieHdri/SunlessCirruscover4k.hdr
  artifactKey: Guid(99af420a4ccafa74abdc47436d8b0685) Importer(815301076,1909f56bfc062723c751e8b465ee728b)
Start importing Assets/SkySeries Freebie/FreebieHdri/SunlessCirruscover4k.hdr using Guid(99af420a4ccafa74abdc47436d8b0685) Importer(815301076,1909f56bfc062723c751e8b465ee728b)  -> (artifact id: 'cfcc0695b4b80892d7a2a436ca40f3bc') in 0.048584 seconds 
========================================================================
Received Import Request.
  Time since last request: 8.003725 seconds.
  path: Assets/SkySeries Freebie/FreebieHdri
  artifactKey: Guid(d78fe5a22bec38d43bbe7e846ac3925a) Importer(815301076,1909f56bfc062723c751e8b465ee728b)
Start importing Assets/SkySeries Freebie/FreebieHdri using Guid(d78fe5a22bec38d43bbe7e846ac3925a) Importer(815301076,1909f56bfc062723c751e8b465ee728b)  -> (artifact id: '147fe7560c84c2b5ee4bc990834f537c') in 0.004748 seconds 
========================================================================
Received Import Request.
  Time since last request: 0.064085 seconds.
  path: Assets/SkySeries Freebie/FreebieHdri/AmbienceExposure4k.hdr
  artifactKey: Guid(c9bc6cdb7a2e78b4c85ae74715b0a355) Importer(815301076,1909f56bfc062723c751e8b465ee728b)
Start importing Assets/SkySeries Freebie/FreebieHdri/AmbienceExposure4k.hdr using Guid(c9bc6cdb7a2e78b4c85ae74715b0a355) Importer(815301076,1909f56bfc062723c751e8b465ee728b)  -> (artifact id: '9efc6d00c37fc612464fd9f8dceff2a2') in 0.024888 seconds 
========================================================================
Received Import Request.
  Time since last request: 0.000111 seconds.
  path: Assets/SkySeries Freebie/FreebieHdri/MegaSunLeft.hdr
  artifactKey: Guid(7f0373fb8ec72a142898c7984aada4b9) Importer(815301076,1909f56bfc062723c751e8b465ee728b)
Start importing Assets/SkySeries Freebie/FreebieHdri/MegaSunLeft.hdr using Guid(7f0373fb8ec72a142898c7984aada4b9) Importer(815301076,1909f56bfc062723c751e8b465ee728b)  -> (artifact id: '5f6956b324fd2fcb1d3ad9724f345449') in 0.010978 seconds 
========================================================================
Received Import Request.
  Time since last request: 0.000116 seconds.
  path: Assets/SkySeries Freebie/FreebieHdri/CosmicCoolCloudRight.hdr
  artifactKey: Guid(438e868ac8cccca4e81873838a67c003) Importer(815301076,1909f56bfc062723c751e8b465ee728b)
Start importing Assets/SkySeries Freebie/FreebieHdri/CosmicCoolCloudRight.hdr using Guid(438e868ac8cccca4e81873838a67c003) Importer(815301076,1909f56bfc062723c751e8b465ee728b)  -> (artifact id: '5d8095588723dba6d0455ee9d18558d7') in 0.009734 seconds 
========================================================================
Received Import Request.
  Time since last request: 0.000127 seconds.
  path: Assets/SkySeries Freebie/FreebieHdri/CosmicCoolCloudLeft.hdr
  artifactKey: Guid(740f96d568f4f3e40b049c40f11603e5) Importer(815301076,1909f56bfc062723c751e8b465ee728b)
Start importing Assets/SkySeries Freebie/FreebieHdri/CosmicCoolCloudLeft.hdr using Guid(740f96d568f4f3e40b049c40f11603e5) Importer(815301076,1909f56bfc062723c751e8b465ee728b)  -> (artifact id: 'bbaa0cc0ff5d5f77b4d4630ac2d428f8') in 0.010555 seconds 
========================================================================
Received Import Request.
  Time since last request: 0.000148 seconds.
  path: Assets/SkySeries Freebie/FreebieHdri/DayInTheClouds4k.hdr
  artifactKey: Guid(90196f2c2d8d2f2448717676e1a09894) Importer(815301076,1909f56bfc062723c751e8b465ee728b)
Start importing Assets/SkySeries Freebie/FreebieHdri/DayInTheClouds4k.hdr using Guid(90196f2c2d8d2f2448717676e1a09894) Importer(815301076,1909f56bfc062723c751e8b465ee728b)  -> (artifact id: 'a61addfa1baf500f65e86f072d0815be') in 0.025424 seconds 
========================================================================
Received Import Request.
  Time since last request: 0.000122 seconds.
  path: Assets/SkySeries Freebie/FreebieHdri/FluffballDayFront.hdr
  artifactKey: Guid(4499836ec803a0443834895abc208fba) Importer(815301076,1909f56bfc062723c751e8b465ee728b)
Start importing Assets/SkySeries Freebie/FreebieHdri/FluffballDayFront.hdr using Guid(4499836ec803a0443834895abc208fba) Importer(815301076,1909f56bfc062723c751e8b465ee728b)  -> (artifact id: 'fabdc07b2a1ec2864b1a3a9fbe917eb9') in 0.008814 seconds 
========================================================================
Received Import Request.
  Time since last request: 0.000152 seconds.
  path: Assets/SkySeries Freebie/FreebieHdri/MegaSunFront.hdr
  artifactKey: Guid(b915aaf1fa7dbd54a9e60e42712933a9) Importer(815301076,1909f56bfc062723c751e8b465ee728b)
Start importing Assets/SkySeries Freebie/FreebieHdri/MegaSunFront.hdr using Guid(b915aaf1fa7dbd54a9e60e42712933a9) Importer(815301076,1909f56bfc062723c751e8b465ee728b)  -> (artifact id: '95a58a3d42d4634cde8bc806a93a205e') in 0.008452 seconds 
========================================================================
Received Import Request.
  Time since last request: 0.000203 seconds.
  path: Assets/SkySeries Freebie/FreebieHdri/CoriolisNight4k.hdr
  artifactKey: Guid(354036e57ae357148aed267204ce73a7) Importer(815301076,1909f56bfc062723c751e8b465ee728b)
Start importing Assets/SkySeries Freebie/FreebieHdri/CoriolisNight4k.hdr using Guid(354036e57ae357148aed267204ce73a7) Importer(815301076,1909f56bfc062723c751e8b465ee728b)  -> (artifact id: '531f28aff1917cc0d525f7114d897f0e') in 0.027633 seconds 
========================================================================
Received Import Request.
  Time since last request: 0.000246 seconds.
  path: Assets/SkySeries Freebie/FreebieHdri/HighFantasy4k.hdr
  artifactKey: Guid(6e998e53d0a82bb45928cd08a0fcfff3) Importer(815301076,1909f56bfc062723c751e8b465ee728b)
Start importing Assets/SkySeries Freebie/FreebieHdri/HighFantasy4k.hdr using Guid(6e998e53d0a82bb45928cd08a0fcfff3) Importer(815301076,1909f56bfc062723c751e8b465ee728b)  -> (artifact id: '9468fa96f494c76f9c515059c3bd08ae') in 0.025745 seconds 
========================================================================
Received Import Request.
  Time since last request: 0.000118 seconds.
  path: Assets/SkySeries Freebie/FreebieHdri/FluffballDayBack.hdr
  artifactKey: Guid(50762494be58d144d98d179cd6ba1470) Importer(815301076,1909f56bfc062723c751e8b465ee728b)
Start importing Assets/SkySeries Freebie/FreebieHdri/FluffballDayBack.hdr using Guid(50762494be58d144d98d179cd6ba1470) Importer(815301076,1909f56bfc062723c751e8b465ee728b)  -> (artifact id: '2b74d7d4679efff73d500229b581c7a6') in 0.008769 seconds 
========================================================================
Received Import Request.
  Time since last request: 0.000130 seconds.
  path: Assets/SkySeries Freebie/FreebieHdri/MegaSunTop.hdr
  artifactKey: Guid(47d70ba0d1c1c3e4ab451b6bc37b0ebe) Importer(815301076,1909f56bfc062723c751e8b465ee728b)
Start importing Assets/SkySeries Freebie/FreebieHdri/MegaSunTop.hdr using Guid(47d70ba0d1c1c3e4ab451b6bc37b0ebe) Importer(815301076,1909f56bfc062723c751e8b465ee728b)  -> (artifact id: 'e41ac1cf50e51311563110e1acd5360a') in 0.008273 seconds 
========================================================================
Received Import Request.
  Time since last request: 0.000160 seconds.
  path: Assets/SkySeries Freebie/FreebieHdri/CosmicCoolCloudBottom.hdr
  artifactKey: Guid(94b877781ad034640abce933599b6f2e) Importer(815301076,1909f56bfc062723c751e8b465ee728b)
Start importing Assets/SkySeries Freebie/FreebieHdri/CosmicCoolCloudBottom.hdr using Guid(94b877781ad034640abce933599b6f2e) Importer(815301076,1909f56bfc062723c751e8b465ee728b)  -> (artifact id: '0c5d5bc35888bfb78e1189b78844cd74') in 0.010785 seconds 
========================================================================
Received Import Request.
  Time since last request: 0.000138 seconds.
  path: Assets/SkySeries Freebie/FreebieHdri/MegaSun4k.hdr
  artifactKey: Guid(8967f190ed29c46418093a47d66daee8) Importer(815301076,1909f56bfc062723c751e8b465ee728b)
Start importing Assets/SkySeries Freebie/FreebieHdri/MegaSun4k.hdr using Guid(8967f190ed29c46418093a47d66daee8) Importer(815301076,1909f56bfc062723c751e8b465ee728b)  -> (artifact id: '41d98b600f82ef03822429ab4dd4f60d') in 0.024780 seconds 
========================================================================
Received Import Request.
  Time since last request: 0.000122 seconds.
  path: Assets/SkySeries Freebie/FreebieHdri/UnearthlyRed4k.hdr
  artifactKey: Guid(a3de28b69b48944438c87668bd722ae7) Importer(815301076,1909f56bfc062723c751e8b465ee728b)
Start importing Assets/SkySeries Freebie/FreebieHdri/UnearthlyRed4k.hdr using Guid(a3de28b69b48944438c87668bd722ae7) Importer(815301076,1909f56bfc062723c751e8b465ee728b)  -> (artifact id: 'ccb171bf23e179442743d7f5215b84e4') in 0.025739 seconds 
========================================================================
Received Import Request.
  Time since last request: 0.000179 seconds.
  path: Assets/SkySeries Freebie/FreebieHdri/FluffballDayRight.hdr
  artifactKey: Guid(669daa4bd63e4204dacb9aa01a164a7f) Importer(815301076,1909f56bfc062723c751e8b465ee728b)
Start importing Assets/SkySeries Freebie/FreebieHdri/FluffballDayRight.hdr using Guid(669daa4bd63e4204dacb9aa01a164a7f) Importer(815301076,1909f56bfc062723c751e8b465ee728b)  -> (artifact id: 'fc2c8bd3d33d253afecf3f944d8752d6') in 0.008147 seconds 
========================================================================
Received Import Request.
  Time since last request: 0.000151 seconds.
  path: Assets/SkySeries Freebie/FreebieHdri/DarkStorm4K.hdr
  artifactKey: Guid(762f22ba43541df4e95e0e7126e8d96c) Importer(815301076,1909f56bfc062723c751e8b465ee728b)
Start importing Assets/SkySeries Freebie/FreebieHdri/DarkStorm4K.hdr using Guid(762f22ba43541df4e95e0e7126e8d96c) Importer(815301076,1909f56bfc062723c751e8b465ee728b)  -> (artifact id: '9868f9af440179e4d0e98d8405764458') in 0.024584 seconds 
========================================================================
Received Import Request.
  Time since last request: 0.000166 seconds.
  path: Assets/SkySeries Freebie/FreebieHdri/FluffballDayLeft.hdr
  artifactKey: Guid(a78d8299279fda54098aca1c72ecfae1) Importer(815301076,1909f56bfc062723c751e8b465ee728b)
Start importing Assets/SkySeries Freebie/FreebieHdri/FluffballDayLeft.hdr using Guid(a78d8299279fda54098aca1c72ecfae1) Importer(815301076,1909f56bfc062723c751e8b465ee728b)  -> (artifact id: '093648e5f43dc000923eec32245499f3') in 0.010059 seconds 
========================================================================
Received Import Request.
  Time since last request: 0.000125 seconds.
  path: Assets/SkySeries Freebie/FreebieHdri/CasualDay4K.hdr
  artifactKey: Guid(1153dc89e66880c4eb7adc16ba588855) Importer(815301076,1909f56bfc062723c751e8b465ee728b)
Start importing Assets/SkySeries Freebie/FreebieHdri/CasualDay4K.hdr using Guid(1153dc89e66880c4eb7adc16ba588855) Importer(815301076,1909f56bfc062723c751e8b465ee728b)  -> (artifact id: '7799e348559f2771261596d20822f84f') in 0.024981 seconds 
========================================================================
Received Import Request.
  Time since last request: 0.000151 seconds.
  path: Assets/SkySeries Freebie/FreebieHdri/CosmicCoolCloudBack.hdr
  artifactKey: Guid(a779becf00399924184cd13e046a100e) Importer(815301076,1909f56bfc062723c751e8b465ee728b)
Start importing Assets/SkySeries Freebie/FreebieHdri/CosmicCoolCloudBack.hdr using Guid(a779becf00399924184cd13e046a100e) Importer(815301076,1909f56bfc062723c751e8b465ee728b)  -> (artifact id: '9362e65210785ea0175e2a16a21fed0d') in 0.009859 seconds 
========================================================================
Received Import Request.
  Time since last request: 0.000140 seconds.
  path: Assets/SkySeries Freebie/FreebieHdri/FluffballDayTop.hdr
  artifactKey: Guid(c769857dc541ab7449d1352d7ff46ce8) Importer(815301076,1909f56bfc062723c751e8b465ee728b)
Start importing Assets/SkySeries Freebie/FreebieHdri/FluffballDayTop.hdr using Guid(c769857dc541ab7449d1352d7ff46ce8) Importer(815301076,1909f56bfc062723c751e8b465ee728b)  -> (artifact id: '42141f56a427fe06510de87650bb1690') in 0.009530 seconds 
========================================================================
Received Import Request.
  Time since last request: 0.000131 seconds.
  path: Assets/SkySeries Freebie/FreebieHdri/CosmicCoolCloudTop.hdr
  artifactKey: Guid(a199da0432efa6a489df8883d1f3bfe0) Importer(815301076,1909f56bfc062723c751e8b465ee728b)
Start importing Assets/SkySeries Freebie/FreebieHdri/CosmicCoolCloudTop.hdr using Guid(a199da0432efa6a489df8883d1f3bfe0) Importer(815301076,1909f56bfc062723c751e8b465ee728b)  -> (artifact id: '8852ab8cecb67080e79bada1fcc06396') in 0.010905 seconds 
========================================================================
Received Import Request.
  Time since last request: 0.000136 seconds.
  path: Assets/SkySeries Freebie/FreebieHdri/UnderTheSea4k.hdr
  artifactKey: Guid(26cddb2a3a1bc804d8e9ca09b109793a) Importer(815301076,1909f56bfc062723c751e8b465ee728b)
Start importing Assets/SkySeries Freebie/FreebieHdri/UnderTheSea4k.hdr using Guid(26cddb2a3a1bc804d8e9ca09b109793a) Importer(815301076,1909f56bfc062723c751e8b465ee728b)  -> (artifact id: '44988769be7591b3754f27c1a43de723') in 0.025490 seconds 
========================================================================
Received Import Request.
  Time since last request: 0.000131 seconds.
  path: Assets/SkySeries Freebie/FreebieHdri/MegaSunRight.hdr
  artifactKey: Guid(f5760fc943c5eb643a2291630888f6a1) Importer(815301076,1909f56bfc062723c751e8b465ee728b)
Start importing Assets/SkySeries Freebie/FreebieHdri/MegaSunRight.hdr using Guid(f5760fc943c5eb643a2291630888f6a1) Importer(815301076,1909f56bfc062723c751e8b465ee728b)  -> (artifact id: '50f58c90b410baaf5c0792aec186694a') in 0.009334 seconds 
========================================================================
Received Import Request.
  Time since last request: 0.000136 seconds.
  path: Assets/SkySeries Freebie/FreebieHdri/CloudedSunGlow4k.hdr
  artifactKey: Guid(12c15a8e5a294be45819b1dd4b9b08d3) Importer(815301076,1909f56bfc062723c751e8b465ee728b)
Start importing Assets/SkySeries Freebie/FreebieHdri/CloudedSunGlow4k.hdr using Guid(12c15a8e5a294be45819b1dd4b9b08d3) Importer(815301076,1909f56bfc062723c751e8b465ee728b)  -> (artifact id: '7b921ee0adf5b9458a4ae704798f8a5b') in 0.025397 seconds 
========================================================================
Received Import Request.
  Time since last request: 0.000119 seconds.
  path: Assets/SkySeries Freebie/FreebieHdri/SkyhighFluffycloudField4k.hdr
  artifactKey: Guid(18a0be10f0f64ac4c9f679d68e2cf857) Importer(815301076,1909f56bfc062723c751e8b465ee728b)
Start importing Assets/SkySeries Freebie/FreebieHdri/SkyhighFluffycloudField4k.hdr using Guid(18a0be10f0f64ac4c9f679d68e2cf857) Importer(815301076,1909f56bfc062723c751e8b465ee728b)  -> (artifact id: '79a793f1b7e206da15f2fa02258d3434') in 0.024991 seconds 
========================================================================
Received Import Request.
  Time since last request: 0.000221 seconds.
  path: Assets/SkySeries Freebie/FreebieHdri/CosmicCoolCloudFront.hdr
  artifactKey: Guid(d822c5eff7d42f04691027bc8c2b0716) Importer(815301076,1909f56bfc062723c751e8b465ee728b)
Start importing Assets/SkySeries Freebie/FreebieHdri/CosmicCoolCloudFront.hdr using Guid(d822c5eff7d42f04691027bc8c2b0716) Importer(815301076,1909f56bfc062723c751e8b465ee728b)  -> (artifact id: '0fc648b99f979cb6e77b6404b5412fab') in 0.010299 seconds 
========================================================================
Received Import Request.
  Time since last request: 0.000121 seconds.
  path: Assets/SkySeries Freebie/FreebieHdri/PlanetaryEarth4k.hdr
  artifactKey: Guid(3675d0c3c874f6b479bab57eb7e68c90) Importer(815301076,1909f56bfc062723c751e8b465ee728b)
Start importing Assets/SkySeries Freebie/FreebieHdri/PlanetaryEarth4k.hdr using Guid(3675d0c3c874f6b479bab57eb7e68c90) Importer(815301076,1909f56bfc062723c751e8b465ee728b)  -> (artifact id: '543577b0d65fcad869b824b7784329a6') in 0.027915 seconds 
========================================================================
Received Import Request.
  Time since last request: 0.000190 seconds.
  path: Assets/SkySeries Freebie/FreebieHdri/Cloudymorning4k.hdr
  artifactKey: Guid(3b5d67736d7b8ad4f8da4d58eaef0b98) Importer(815301076,1909f56bfc062723c751e8b465ee728b)
Start importing Assets/SkySeries Freebie/FreebieHdri/Cloudymorning4k.hdr using Guid(3b5d67736d7b8ad4f8da4d58eaef0b98) Importer(815301076,1909f56bfc062723c751e8b465ee728b)  -> (artifact id: '508bbb03b044467bb1b06493625f9619') in 0.026658 seconds 
========================================================================
Received Import Request.
  Time since last request: 0.000128 seconds.
  path: Assets/SkySeries Freebie/FreebieHdri/CosmicCoolCloudEQ_hdr.exr
  artifactKey: Guid(09999639e73bcd64abda22253af612d8) Importer(815301076,1909f56bfc062723c751e8b465ee728b)
Start importing Assets/SkySeries Freebie/FreebieHdri/CosmicCoolCloudEQ_hdr.exr using Guid(09999639e73bcd64abda22253af612d8) Importer(815301076,1909f56bfc062723c751e8b465ee728b)  -> (artifact id: '3794fb3d2a87925a02e897d53eda0583') in 1.368402 seconds 
========================================================================
Received Import Request.
  Time since last request: 0.000122 seconds.
  path: Assets/SkySeries Freebie/FreebieHdri/FluffballDayBottom.hdr
  artifactKey: Guid(42e0664ae4c5c424ebcd980a10687e18) Importer(815301076,1909f56bfc062723c751e8b465ee728b)
Start importing Assets/SkySeries Freebie/FreebieHdri/FluffballDayBottom.hdr using Guid(42e0664ae4c5c424ebcd980a10687e18) Importer(815301076,1909f56bfc062723c751e8b465ee728b)  -> (artifact id: '03099dfb81a6ede35fdfad845a914902') in 0.009017 seconds 
========================================================================
Received Import Request.
  Time since last request: 0.000117 seconds.
  path: Assets/SkySeries Freebie/FreebieHdri/FluffballDay4k.hdr
  artifactKey: Guid(3e80b688af9b1d84ea52c5d36bb1cbbd) Importer(815301076,1909f56bfc062723c751e8b465ee728b)
Start importing Assets/SkySeries Freebie/FreebieHdri/FluffballDay4k.hdr using Guid(3e80b688af9b1d84ea52c5d36bb1cbbd) Importer(815301076,1909f56bfc062723c751e8b465ee728b)  -> (artifact id: '3c3a4dea6fec5358790ef1bf26a8827e') in 0.025933 seconds 
========================================================================
Received Import Request.
  Time since last request: 0.000183 seconds.
  path: Assets/SkySeries Freebie/FreebieHdri/MegaSunBack.hdr
  artifactKey: Guid(4e52cbaf92b83a94cb86bed75ed34652) Importer(815301076,1909f56bfc062723c751e8b465ee728b)
Start importing Assets/SkySeries Freebie/FreebieHdri/MegaSunBack.hdr using Guid(4e52cbaf92b83a94cb86bed75ed34652) Importer(815301076,1909f56bfc062723c751e8b465ee728b)  -> (artifact id: '687172d0e29502d18ca77b821fdf3197') in 0.008125 seconds 
========================================================================
Received Import Request.
  Time since last request: 0.000142 seconds.
  path: Assets/SkySeries Freebie/FreebieHdri/MegaSunBottom.hdr
  artifactKey: Guid(3de85f3af41435a4c8f9d237bc1f19ec) Importer(815301076,1909f56bfc062723c751e8b465ee728b)
Start importing Assets/SkySeries Freebie/FreebieHdri/MegaSunBottom.hdr using Guid(3de85f3af41435a4c8f9d237bc1f19ec) Importer(815301076,1909f56bfc062723c751e8b465ee728b)  -> (artifact id: '1542a8aad583f17b89c0e819bb13bb81') in 0.007918 seconds 
========================================================================
Received Prepare
Registering precompiled user dll's ...
Registered in 0.001939 seconds.
Begin MonoManager ReloadAssembly
Symbol file data-000002D408A063A0 doesn't match image D:\Donut-Burnout\Donut-Burnout\Donut Burnout\Library\ScriptAssemblies\Assembly-CSharp.dll
Symbol file LoadedFromMemory is not a mono symbol file
Symbol file data-000002D40CB8C9C0 doesn't match image D:\Donut-Burnout\Donut-Burnout\Donut Burnout\Library\ScriptAssemblies\Unity.Services.Core.Editor.dll
Symbol file LoadedFromMemory is not a mono symbol file
Symbol file data-000002D4087D9E80 doesn't match image D:\Donut-Burnout\Donut-Burnout\Donut Burnout\Library\ScriptAssemblies\Unity.VSCode.Editor.dll
Symbol file LoadedFromMemory is not a mono symbol file
Symbol file data-000002D40E09E020 doesn't match image D:\Donut-Burnout\Donut-Burnout\Donut Burnout\Library\ScriptAssemblies\Unity.TextMeshPro.Editor.dll
Symbol file LoadedFromMemory is not a mono symbol file
Symbol file data-000002D40C8D8220 doesn't match image D:\Donut-Burnout\Donut-Burnout\Donut Burnout\Library\ScriptAssemblies\Unity.VisualStudio.Editor.dll
Symbol file LoadedFromMemory is not a mono symbol file
Symbol file data-000002D40FAC8C30 doesn't match image D:\Donut-Burnout\Donut-Burnout\Donut Burnout\Library\ScriptAssemblies\UnityEngine.TestRunner.dll
Symbol file LoadedFromMemory is not a mono symbol file
Symbol file data-000002D40CCCC010 doesn't match image D:\Donut-Burnout\Donut-Burnout\Donut Burnout\Library\ScriptAssemblies\Unity.Timeline.Editor.dll
Symbol file LoadedFromMemory is not a mono symbol file
Symbol file data-000002D40DF98020 doesn't match image D:\Donut-Burnout\Donut-Burnout\Donut Burnout\Library\ScriptAssemblies\Unity.Timeline.dll
Symbol file LoadedFromMemory is not a mono symbol file
Symbol file data-000002D40CD20010 doesn't match image D:\Donut-Burnout\Donut-Burnout\Donut Burnout\Library\ScriptAssemblies\Unity.TextMeshPro.dll
Symbol file LoadedFromMemory is not a mono symbol file
Symbol file data-000002D408629270 doesn't match image D:\Donut-Burnout\Donut-Burnout\Donut Burnout\Library\ScriptAssemblies\Unity.CollabProxy.Editor.dll
Symbol file LoadedFromMemory is not a mono symbol file
Symbol file data-000002D40C9EC400 doesn't match image D:\Donut-Burnout\Donut-Burnout\Donut Burnout\Library\ScriptAssemblies\UnityEditor.TestRunner.dll
Symbol file LoadedFromMemory is not a mono symbol file
Symbol file data-000002D40C8D8220 doesn't match image D:\Donut-Burnout\Donut-Burnout\Donut Burnout\Library\ScriptAssemblies\UnityEditor.UI.dll
Symbol file LoadedFromMemory is not a mono symbol file
Symbol file data-000002D408317660 doesn't match image D:\Donut-Burnout\Donut-Burnout\Donut Burnout\Library\ScriptAssemblies\Unity.PlasticSCM.Editor.dll
Symbol file LoadedFromMemory is not a mono symbol file
Symbol file data-000002D411158020 doesn't match image D:\Donut-Burnout\Donut-Burnout\Donut Burnout\Library\ScriptAssemblies\Unity.Rider.Editor.dll
Symbol file LoadedFromMemory is not a mono symbol file
Symbol file data-000002D40CCE0A20 doesn't match image D:\Donut-Burnout\Donut-Burnout\Donut Burnout\Library\ScriptAssemblies\UnityEngine.UI.dll
Symbol file LoadedFromMemory is not a mono symbol file
Symbol file LoadedFromMemory doesn't match image D:\Donut-Burnout\Donut-Burnout\Donut Burnout\Library\PackageCache\com.unity.collab-proxy@1.15.15\Lib\Editor\PlasticSCM\unityplastic.dll
Native extension for WindowsStandalone target not found
Refreshing native plugins compatible for Editor in 0.29 ms, found 2 plugins.
Preloading 0 native plugins for Editor in 0.00 ms.
Mono: successfully reloaded assembly
- Completed reload, in  0.746 seconds
Domain Reload Profiling:
	ReloadAssembly (746ms)
		BeginReloadAssembly (96ms)
			ExecutionOrderSort (0ms)
			DisableScriptedObjects (3ms)
			BackupInstance (0ms)
			ReleaseScriptingObjects (0ms)
			CreateAndSetChildDomain (22ms)
		EndReloadAssembly (585ms)
			LoadAssemblies (93ms)
			RebuildTransferFunctionScriptingTraits (0ms)
			SetupTypeCache (199ms)
			ReleaseScriptCaches (1ms)
			RebuildScriptCaches (27ms)
			SetupLoadedEditorAssemblies (212ms)
				LogAssemblyErrors (0ms)
				InitializePlatformSupportModulesInManaged (3ms)
				SetLoadedEditorAssemblies (0ms)
				RefreshPlugins (0ms)
				BeforeProcessingInitializeOnLoad (55ms)
				ProcessInitializeOnLoadAttributes (139ms)
				ProcessInitializeOnLoadMethodAttributes (7ms)
				AfterProcessingInitializeOnLoad (7ms)
				EditorAssembliesLoaded (0ms)
			ExecutionOrderSort2 (0ms)
			AwakeInstancesAfterBackupRestoration (5ms)
Platform modules already initialized, skipping
Refreshing native plugins compatible for Editor in 0.35 ms, found 2 plugins.
Preloading 0 native plugins for Editor in 0.00 ms.
Unloading 1509 Unused Serialized files (Serialized files now loaded: 0)
System memory in use before: 73.5 MB.
System memory in use after: 73.6 MB.

Unloading 11 unused Assets to reduce memory usage. Loaded Objects now: 2000.
Total: 1.898400 ms (FindLiveObjects: 0.100900 ms CreateObjectMapping: 0.042100 ms MarkObjects: 1.740100 ms  DeleteObjects: 0.014500 ms)

AssetImportParameters requested are different than current active one (requested -> active):
  custom:framework-win-MediaFoundation: 216162199b28c13a410421893ffa2e32 -> 
  custom:video-decoder-ogg-theora: a1e56fd34408186e4bbccfd4996cb3dc -> 
  custom:container-muxer-webm: aa71ff27fc2769a1b78a27578f13a17b -> 
  custom:container-demuxer-webm: 4f35f7cbe854078d1ac9338744f61a02 -> 
  custom:container-demuxer-ogg: 62fdf1f143b41e24485cea50d1cbac27 -> 
  custom:video-encoder-webm-vp8: eb34c28f22e8b96e1ab97ce403110664 -> 
  custom:video-decoder-webm-vp8: 9c59270c3fd7afecdb556c50c9e8de78 -> 
  custom:audio-decoder-ogg-vorbis: bf7c407c2cedff20999df2af8eb42d56 -> 
  custom:audio-encoder-webm-vorbis: bf7c407c2cedff20999df2af8eb42d56 -> 
========================================================================
Received Prepare
Registering precompiled user dll's ...
Registered in 0.002068 seconds.
Begin MonoManager ReloadAssembly
Symbol file data-000002D4084D43C0 doesn't match image D:\Donut-Burnout\Donut-Burnout\Donut Burnout\Library\ScriptAssemblies\Assembly-CSharp.dll
Symbol file LoadedFromMemory is not a mono symbol file
Symbol file data-000002D4083BF020 doesn't match image D:\Donut-Burnout\Donut-Burnout\Donut Burnout\Library\ScriptAssemblies\Unity.Services.Core.Editor.dll
Symbol file LoadedFromMemory is not a mono symbol file
Symbol file data-000002D4087D9E80 doesn't match image D:\Donut-Burnout\Donut-Burnout\Donut Burnout\Library\ScriptAssemblies\Unity.VSCode.Editor.dll
Symbol file LoadedFromMemory is not a mono symbol file
Symbol file data-000002D40CDD8020 doesn't match image D:\Donut-Burnout\Donut-Burnout\Donut Burnout\Library\ScriptAssemblies\Unity.TextMeshPro.Editor.dll
Symbol file LoadedFromMemory is not a mono symbol file
Symbol file data-000002D408604020 doesn't match image D:\Donut-Burnout\Donut-Burnout\Donut Burnout\Library\ScriptAssemblies\Unity.VisualStudio.Editor.dll
Symbol file LoadedFromMemory is not a mono symbol file
Symbol file data-000002D40D692C20 doesn't match image D:\Donut-Burnout\Donut-Burnout\Donut Burnout\Library\ScriptAssemblies\UnityEngine.TestRunner.dll
Symbol file LoadedFromMemory is not a mono symbol file
Symbol file data-000002D41021E950 doesn't match image D:\Donut-Burnout\Donut-Burnout\Donut Burnout\Library\ScriptAssemblies\Unity.Timeline.Editor.dll
Symbol file LoadedFromMemory is not a mono symbol file
Symbol file data-000002D40CDD8020 doesn't match image D:\Donut-Burnout\Donut-Burnout\Donut Burnout\Library\ScriptAssemblies\Unity.Timeline.dll
Symbol file LoadedFromMemory is not a mono symbol file
Symbol file data-000002D40CD20010 doesn't match image D:\Donut-Burnout\Donut-Burnout\Donut Burnout\Library\ScriptAssemblies\Unity.TextMeshPro.dll
Symbol file LoadedFromMemory is not a mono symbol file
Symbol file data-000002D41027AFB0 doesn't match image D:\Donut-Burnout\Donut-Burnout\Donut Burnout\Library\ScriptAssemblies\Unity.CollabProxy.Editor.dll
Symbol file LoadedFromMemory is not a mono symbol file
Symbol file data-000002D40C9EC400 doesn't match image D:\Donut-Burnout\Donut-Burnout\Donut Burnout\Library\ScriptAssemblies\UnityEditor.TestRunner.dll
Symbol file LoadedFromMemory is not a mono symbol file
Symbol file data-000002D40C470320 doesn't match image D:\Donut-Burnout\Donut-Burnout\Donut Burnout\Library\ScriptAssemblies\UnityEditor.UI.dll
Symbol file LoadedFromMemory is not a mono symbol file
Symbol file data-000002D40D2E0080 doesn't match image D:\Donut-Burnout\Donut-Burnout\Donut Burnout\Library\ScriptAssemblies\Unity.PlasticSCM.Editor.dll
Symbol file LoadedFromMemory is not a mono symbol file
Symbol file data-000002D40F3A0E90 doesn't match image D:\Donut-Burnout\Donut-Burnout\Donut Burnout\Library\ScriptAssemblies\Unity.Rider.Editor.dll
Symbol file LoadedFromMemory is not a mono symbol file
Symbol file data-000002D40C3F0010 doesn't match image D:\Donut-Burnout\Donut-Burnout\Donut Burnout\Library\ScriptAssemblies\UnityEngine.UI.dll
Symbol file LoadedFromMemory is not a mono symbol file
Symbol file LoadedFromMemory doesn't match image D:\Donut-Burnout\Donut-Burnout\Donut Burnout\Library\PackageCache\com.unity.collab-proxy@1.15.15\Lib\Editor\PlasticSCM\unityplastic.dll
Native extension for WindowsStandalone target not found
Refreshing native plugins compatible for Editor in 0.30 ms, found 2 plugins.
Preloading 0 native plugins for Editor in 0.00 ms.
Mono: successfully reloaded assembly
- Completed reload, in  0.769 seconds
Domain Reload Profiling:
	ReloadAssembly (769ms)
		BeginReloadAssembly (95ms)
			ExecutionOrderSort (0ms)
			DisableScriptedObjects (3ms)
			BackupInstance (0ms)
			ReleaseScriptingObjects (0ms)
			CreateAndSetChildDomain (22ms)
		EndReloadAssembly (573ms)
			LoadAssemblies (90ms)
			RebuildTransferFunctionScriptingTraits (0ms)
			SetupTypeCache (194ms)
			ReleaseScriptCaches (1ms)
			RebuildScriptCaches (27ms)
			SetupLoadedEditorAssemblies (210ms)
				LogAssemblyErrors (0ms)
				InitializePlatformSupportModulesInManaged (3ms)
				SetLoadedEditorAssemblies (0ms)
				RefreshPlugins (0ms)
				BeforeProcessingInitializeOnLoad (55ms)
				ProcessInitializeOnLoadAttributes (137ms)
				ProcessInitializeOnLoadMethodAttributes (7ms)
				AfterProcessingInitializeOnLoad (7ms)
				EditorAssembliesLoaded (0ms)
			ExecutionOrderSort2 (0ms)
			AwakeInstancesAfterBackupRestoration (5ms)
Platform modules already initialized, skipping
Refreshing native plugins compatible for Editor in 0.29 ms, found 2 plugins.
Preloading 0 native plugins for Editor in 0.00 ms.
Unloading 1509 Unused Serialized files (Serialized files now loaded: 0)
System memory in use before: 73.6 MB.
System memory in use after: 73.7 MB.

Unloading 11 unused Assets to reduce memory usage. Loaded Objects now: 2003.
Total: 1.832300 ms (FindLiveObjects: 0.099200 ms CreateObjectMapping: 0.042500 ms MarkObjects: 1.676800 ms  DeleteObjects: 0.013000 ms)

AssetImportParameters requested are different than current active one (requested -> active):
  custom:framework-win-MediaFoundation: 216162199b28c13a410421893ffa2e32 -> 
  custom:video-decoder-ogg-theora: a1e56fd34408186e4bbccfd4996cb3dc -> 
  custom:container-muxer-webm: aa71ff27fc2769a1b78a27578f13a17b -> 
  custom:container-demuxer-webm: 4f35f7cbe854078d1ac9338744f61a02 -> 
  custom:container-demuxer-ogg: 62fdf1f143b41e24485cea50d1cbac27 -> 
  custom:video-encoder-webm-vp8: eb34c28f22e8b96e1ab97ce403110664 -> 
  custom:video-decoder-webm-vp8: 9c59270c3fd7afecdb556c50c9e8de78 -> 
  custom:audio-decoder-ogg-vorbis: bf7c407c2cedff20999df2af8eb42d56 -> 
  custom:audio-encoder-webm-vorbis: bf7c407c2cedff20999df2af8eb42d56 -> 
========================================================================
Received Import Request.
  Time since last request: 70.553307 seconds.
  path: Assets/Animations
  artifactKey: Guid(0019f1801e1d94288bec1d42e0ef1dd3) Importer(815301076,1909f56bfc062723c751e8b465ee728b)
Start importing Assets/Animations using Guid(0019f1801e1d94288bec1d42e0ef1dd3) Importer(815301076,1909f56bfc062723c751e8b465ee728b)  -> (artifact id: '8161119b7abe7f366cdafc8ac78bb85c') in 0.006117 seconds 
========================================================================
Received Import Request.
  Time since last request: 6.538932 seconds.
  path: Assets/SkySeries Freebie/ExampleScenes
  artifactKey: Guid(86425fc531d96d146b84220a347e07f7) Importer(815301076,1909f56bfc062723c751e8b465ee728b)
Start importing Assets/SkySeries Freebie/ExampleScenes using Guid(86425fc531d96d146b84220a347e07f7) Importer(815301076,1909f56bfc062723c751e8b465ee728b)  -> (artifact id: '74ddda0d4083238ebad6d98a669a175f') in 0.004187 seconds 
========================================================================
Received Import Request.
  Time since last request: 5.359807 seconds.
  path: Assets/SkySeries Freebie/FreebieHdri/Materials
  artifactKey: Guid(cc362c3a6410e41448a33cc65d6d34c4) Importer(815301076,1909f56bfc062723c751e8b465ee728b)
Start importing Assets/SkySeries Freebie/FreebieHdri/Materials using Guid(cc362c3a6410e41448a33cc65d6d34c4) Importer(815301076,1909f56bfc062723c751e8b465ee728b)  -> (artifact id: '3e073ed8e19b5fa5118cbded4a9869ce') in 0.025197 seconds 
========================================================================
Received Import Request.
  Time since last request: 0.060507 seconds.
  path: Assets/SkySeries Freebie/FreebieHdri/Materials/AmbienceExposure4k.mat
  artifactKey: Guid(ffd097a7f6b68b742a3f0222e60e566c) Importer(815301076,1909f56bfc062723c751e8b465ee728b)
Start importing Assets/SkySeries Freebie/FreebieHdri/Materials/AmbienceExposure4k.mat using Guid(ffd097a7f6b68b742a3f0222e60e566c) Importer(815301076,1909f56bfc062723c751e8b465ee728b)  -> (artifact id: '6a72e31980d0d4f5e4ea7c347f3f85b2') in 0.054527 seconds 
========================================================================
Received Import Request.
  Time since last request: 0.000212 seconds.
  path: Assets/SkySeries Freebie/FreebieHdri/Materials/DarkStorm4K.mat
  artifactKey: Guid(6de11852124f8fc4098703c67436e97e) Importer(815301076,1909f56bfc062723c751e8b465ee728b)
Start importing Assets/SkySeries Freebie/FreebieHdri/Materials/DarkStorm4K.mat using Guid(6de11852124f8fc4098703c67436e97e) Importer(815301076,1909f56bfc062723c751e8b465ee728b)  -> (artifact id: 'e970d31ab0cc78219e327c1b56d0560b') in 0.023097 seconds 
========================================================================
Received Import Request.
  Time since last request: 0.000178 seconds.
  path: Assets/SkySeries Freebie/FreebieHdri/Materials/CasualDay4K.mat
  artifactKey: Guid(4caaf8c7fc273e5469044f57a100508e) Importer(815301076,1909f56bfc062723c751e8b465ee728b)
Start importing Assets/SkySeries Freebie/FreebieHdri/Materials/CasualDay4K.mat using Guid(4caaf8c7fc273e5469044f57a100508e) Importer(815301076,1909f56bfc062723c751e8b465ee728b)  -> (artifact id: '8cfa0dfb18894712d22402ad54284d22') in 0.023228 seconds 
========================================================================
Received Import Request.
  Time since last request: 0.000125 seconds.
  path: Assets/SkySeries Freebie/FreebieHdri/Materials/Cloudymorning4k.mat
  artifactKey: Guid(b5a6ed6e37dbf384e9dfdf0982633a02) Importer(815301076,1909f56bfc062723c751e8b465ee728b)
Start importing Assets/SkySeries Freebie/FreebieHdri/Materials/Cloudymorning4k.mat using Guid(b5a6ed6e37dbf384e9dfdf0982633a02) Importer(815301076,1909f56bfc062723c751e8b465ee728b)  -> (artifact id: '444ef6fee34179d81ecef932bad54fda') in 0.023720 seconds 
========================================================================
Received Import Request.
  Time since last request: 0.000181 seconds.
  path: Assets/SkySeries Freebie/FreebieHdri/Materials/MegaSun4k.mat
  artifactKey: Guid(949e89e3a9dcdd345beb5941fc579d5b) Importer(815301076,1909f56bfc062723c751e8b465ee728b)
Start importing Assets/SkySeries Freebie/FreebieHdri/Materials/MegaSun4k.mat using Guid(949e89e3a9dcdd345beb5941fc579d5b) Importer(815301076,1909f56bfc062723c751e8b465ee728b)  -> (artifact id: 'c39a7e220bd3ac433c79aa45e3faff08') in 0.023074 seconds 
========================================================================
Received Import Request.
  Time since last request: 0.000121 seconds.
  path: Assets/SkySeries Freebie/FreebieHdri/Materials/SkyhighFluffycloudField4k.mat
  artifactKey: Guid(abb436a507130fe439de52725dd2911f) Importer(815301076,1909f56bfc062723c751e8b465ee728b)
Start importing Assets/SkySeries Freebie/FreebieHdri/Materials/SkyhighFluffycloudField4k.mat using Guid(abb436a507130fe439de52725dd2911f) Importer(815301076,1909f56bfc062723c751e8b465ee728b)  -> (artifact id: '06f06b2c720239fe3ae3ba22a56125b7') in 0.022085 seconds 
========================================================================
Received Import Request.
  Time since last request: 6.231621 seconds.
  path: Assets/SkySeries Freebie/Hdri setup.txt
  artifactKey: Guid(add36ebe5ee5af347a876cdf41d00709) Importer(815301076,1909f56bfc062723c751e8b465ee728b)
Start importing Assets/SkySeries Freebie/Hdri setup.txt using Guid(add36ebe5ee5af347a876cdf41d00709) Importer(815301076,1909f56bfc062723c751e8b465ee728b)  -> (artifact id: 'a1049f3f853bb4c4c7ac2fe10bf7945f') in 0.007434 seconds 
========================================================================
Received Prepare
Registering precompiled user dll's ...
Registered in 0.001904 seconds.
Begin MonoManager ReloadAssembly
Symbol file data-000002D40CA53530 doesn't match image D:\Donut-Burnout\Donut-Burnout\Donut Burnout\Library\ScriptAssemblies\Assembly-CSharp.dll
Symbol file LoadedFromMemory is not a mono symbol file
Symbol file data-000002D40848D030 doesn't match image D:\Donut-Burnout\Donut-Burnout\Donut Burnout\Library\ScriptAssemblies\Unity.Services.Core.Editor.dll
Symbol file LoadedFromMemory is not a mono symbol file
Symbol file data-000002D410FA8A20 doesn't match image D:\Donut-Burnout\Donut-Burnout\Donut Burnout\Library\ScriptAssemblies\Unity.VSCode.Editor.dll
Symbol file LoadedFromMemory is not a mono symbol file
Symbol file data-000002D4109B2020 doesn't match image D:\Donut-Burnout\Donut-Burnout\Donut Burnout\Library\ScriptAssemblies\Unity.TextMeshPro.Editor.dll
Symbol file LoadedFromMemory is not a mono symbol file
Symbol file data-000002D40F4B99D0 doesn't match image D:\Donut-Burnout\Donut-Burnout\Donut Burnout\Library\ScriptAssemblies\Unity.VisualStudio.Editor.dll
Symbol file LoadedFromMemory is not a mono symbol file
Symbol file data-000002D40D4BD010 doesn't match image D:\Donut-Burnout\Donut-Burnout\Donut Burnout\Library\ScriptAssemblies\UnityEngine.TestRunner.dll
Symbol file LoadedFromMemory is not a mono symbol file
Symbol file data-000002D40C08AC40 doesn't match image D:\Donut-Burnout\Donut-Burnout\Donut Burnout\Library\ScriptAssemblies\Unity.Timeline.Editor.dll
Symbol file LoadedFromMemory is not a mono symbol file
Symbol file data-000002D40DCB8450 doesn't match image D:\Donut-Burnout\Donut-Burnout\Donut Burnout\Library\ScriptAssemblies\Unity.Timeline.dll
Symbol file LoadedFromMemory is not a mono symbol file
Symbol file data-000002D410D11F90 doesn't match image D:\Donut-Burnout\Donut-Burnout\Donut Burnout\Library\ScriptAssemblies\Unity.TextMeshPro.dll
Symbol file LoadedFromMemory is not a mono symbol file
Symbol file data-000002D40D4BD010 doesn't match image D:\Donut-Burnout\Donut-Burnout\Donut Burnout\Library\ScriptAssemblies\Unity.CollabProxy.Editor.dll
Symbol file LoadedFromMemory is not a mono symbol file
Symbol file data-000002D40CA25420 doesn't match image D:\Donut-Burnout\Donut-Burnout\Donut Burnout\Library\ScriptAssemblies\UnityEditor.TestRunner.dll
Symbol file LoadedFromMemory is not a mono symbol file
Symbol file data-000002D40C48F010 doesn't match image D:\Donut-Burnout\Donut-Burnout\Donut Burnout\Library\ScriptAssemblies\UnityEditor.UI.dll
Symbol file LoadedFromMemory is not a mono symbol file
Symbol file data-000002D40D2E0080 doesn't match image D:\Donut-Burnout\Donut-Burnout\Donut Burnout\Library\ScriptAssemblies\Unity.PlasticSCM.Editor.dll
Symbol file LoadedFromMemory is not a mono symbol file
Symbol file data-000002D40F3A0E90 doesn't match image D:\Donut-Burnout\Donut-Burnout\Donut Burnout\Library\ScriptAssemblies\Unity.Rider.Editor.dll
Symbol file LoadedFromMemory is not a mono symbol file
Symbol file data-000002D40D95E0B0 doesn't match image D:\Donut-Burnout\Donut-Burnout\Donut Burnout\Library\ScriptAssemblies\UnityEngine.UI.dll
Symbol file LoadedFromMemory is not a mono symbol file
Symbol file LoadedFromMemory doesn't match image D:\Donut-Burnout\Donut-Burnout\Donut Burnout\Library\PackageCache\com.unity.collab-proxy@1.15.15\Lib\Editor\PlasticSCM\unityplastic.dll
Native extension for WindowsStandalone target not found
Refreshing native plugins compatible for Editor in 0.29 ms, found 2 plugins.
Preloading 0 native plugins for Editor in 0.00 ms.
Mono: successfully reloaded assembly
- Completed reload, in  0.704 seconds
Domain Reload Profiling:
	ReloadAssembly (704ms)
		BeginReloadAssembly (96ms)
			ExecutionOrderSort (0ms)
			DisableScriptedObjects (3ms)
			BackupInstance (0ms)
			ReleaseScriptingObjects (0ms)
			CreateAndSetChildDomain (23ms)
		EndReloadAssembly (561ms)
			LoadAssemblies (83ms)
			RebuildTransferFunctionScriptingTraits (0ms)
			SetupTypeCache (192ms)
			ReleaseScriptCaches (1ms)
			RebuildScriptCaches (26ms)
			SetupLoadedEditorAssemblies (209ms)
				LogAssemblyErrors (0ms)
				InitializePlatformSupportModulesInManaged (3ms)
				SetLoadedEditorAssemblies (0ms)
				RefreshPlugins (0ms)
				BeforeProcessingInitializeOnLoad (54ms)
				ProcessInitializeOnLoadAttributes (137ms)
				ProcessInitializeOnLoadMethodAttributes (7ms)
				AfterProcessingInitializeOnLoad (7ms)
				EditorAssembliesLoaded (0ms)
			ExecutionOrderSort2 (0ms)
			AwakeInstancesAfterBackupRestoration (5ms)
Platform modules already initialized, skipping
Refreshing native plugins compatible for Editor in 0.30 ms, found 2 plugins.
Preloading 0 native plugins for Editor in 0.00 ms.
Unloading 1509 Unused Serialized files (Serialized files now loaded: 0)
System memory in use before: 73.6 MB.
System memory in use after: 73.7 MB.

Unloading 11 unused Assets to reduce memory usage. Loaded Objects now: 2007.
Total: 2.323600 ms (FindLiveObjects: 0.105500 ms CreateObjectMapping: 0.040300 ms MarkObjects: 2.160000 ms  DeleteObjects: 0.016700 ms)

AssetImportParameters requested are different than current active one (requested -> active):
  custom:framework-win-MediaFoundation: 216162199b28c13a410421893ffa2e32 -> 
  custom:video-decoder-ogg-theora: a1e56fd34408186e4bbccfd4996cb3dc -> 
  custom:container-muxer-webm: aa71ff27fc2769a1b78a27578f13a17b -> 
  custom:container-demuxer-webm: 4f35f7cbe854078d1ac9338744f61a02 -> 
  custom:container-demuxer-ogg: 62fdf1f143b41e24485cea50d1cbac27 -> 
  custom:video-encoder-webm-vp8: eb34c28f22e8b96e1ab97ce403110664 -> 
  custom:video-decoder-webm-vp8: 9c59270c3fd7afecdb556c50c9e8de78 -> 
  custom:audio-decoder-ogg-vorbis: bf7c407c2cedff20999df2af8eb42d56 -> 
  custom:audio-encoder-webm-vorbis: bf7c407c2cedff20999df2af8eb42d56 -> 
AssetImportWorkerClient::OnTransportError - code=2 error=End of file
